<?xml version="1.0" encoding="UTF-8"?>
<!-- Generated by org.testng.reporters.JUnitXMLReporter -->
<testsuite hostname="SKaans-MacBook-Pro.local" ignored="0" name="Default test" tests="3" failures="0" timestamp="19 Jul 2018 18:36:00 GMT" time="6.99" errors="0">
  <testcase name="labelsVerication" time="0.873" classname="pomDesign.WebOrderTests"/>
  <testcase name="availableProductsTest" time="0.842" classname="pomDesign.WebOrderTests"/>
  <testcase name="orderAProduct" time="2.176" classname="pomDesign.WebOrderTests"/>
</testsuite> <!-- Default test -->
